# JRE version: 7.0_11-b21
# Java VM: Java HotSpot(TM) 64-Bit Server VM (23.6-b04 mixed mode windows-amd64 compressed oops)
Heap
 PSYoungGen      total 33408K, used 20409K [0x00000000fa000000, 0x00000000fc8f0000, 0x0000000100000000)
  eden space 30656K, 57% used [0x00000000fa000000,0x00000000fb14b020,0x00000000fbdf0000)
  from space 2752K, 98% used [0x00000000fbe70000,0x00000000fc113570,0x00000000fc120000)
  to   space 5632K, 0% used [0x00000000fc370000,0x00000000fc370000,0x00000000fc8f0000)
 ParOldGen       total 143808K, used 136842K [0x00000000e8000000, 0x00000000f0c70000, 0x00000000fa000000)
  object space 143808K, 95% used [0x00000000e8000000,0x00000000f05a2bd0,0x00000000f0c70000)
 PSPermGen       total 120768K, used 70546K [0x00000000e0000000, 0x00000000e75f0000, 0x00000000e8000000)
  object space 120768K, 58% used [0x00000000e0000000,0x00000000e44e4ad0,0x00000000e75f0000)
GC Heap History (10 events):
Event: 7589.117 GC heap before
{Heap before GC invocations=335 (full 4):
 PSYoungGen      total 35840K, used 32759K [0x00000000fa000000, 0x00000000fc9a0000, 0x0000000100000000)
  eden space 30208K, 100% used [0x00000000fa000000,0x00000000fbd80000,0x00000000fbd80000)
  from space 5632K, 45% used [0x00000000fc420000,0x00000000fc69dcd0,0x00000000fc9a0000)
  to   space 6208K, 0% used [0x00000000fbd80000,0x00000000fbd80000,0x00000000fc390000)
 ParOldGen       total 143808K, used 136639K [0x00000000e8000000, 0x00000000f0c70000, 0x00000000fa000000)
  object space 143808K, 95% used [0x00000000e8000000,0x00000000f056fdd0,0x00000000f0c70000)
 PSPermGen       total 120768K, used 70531K [0x00000000e0000000, 0x00000000e75f0000, 0x00000000e8000000)
  object space 120768K, 58% used [0x00000000e0000000,0x00000000e44e0de8,0x00000000e75f0000)
Event: 7589.123 GC heap after
Heap after GC invocations=335 (full 4):
 PSYoungGen      total 32704K, used 2997K [0x00000000fa000000, 0x00000000fc8c0000, 0x0000000100000000)
  eden space 29696K, 0% used [0x00000000fa000000,0x00000000fa000000,0x00000000fbd00000)
  from space 3008K, 99% used [0x00000000fbd80000,0x00000000fc06d4a8,0x00000000fc070000)
  to   space 6016K, 0% used [0x00000000fc2e0000,0x00000000fc2e0000,0x00000000fc8c0000)
 ParOldGen       total 143808K, used 136703K [0x00000000e8000000, 0x00000000f0c70000, 0x00000000fa000000)
  object space 143808K, 95% used [0x00000000e8000000,0x00000000f057fdd0,0x00000000f0c70000)
 PSPermGen       total 120768K, used 70531K [0x00000000e0000000, 0x00000000e75f0000, 0x00000000e8000000)
  object space 120768K, 58% used [0x00000000e0000000,0x00000000e44e0de8,0x00000000e75f0000)
}
Event: 7589.309 GC heap before
{Heap before GC invocations=336 (full 4):
 PSYoungGen      total 32704K, used 32693K [0x00000000fa000000, 0x00000000fc8c0000, 0x0000000100000000)
  eden space 29696K, 100% used [0x00000000fa000000,0x00000000fbd00000,0x00000000fbd00000)
  from space 3008K, 99% used [0x00000000fbd80000,0x00000000fc06d4a8,0x00000000fc070000)
  to   space 6016K, 0% used [0x00000000fc2e0000,0x00000000fc2e0000,0x00000000fc8c0000)
 ParOldGen       total 143808K, used 136703K [0x00000000e8000000, 0x00000000f0c70000, 0x00000000fa000000)
  object space 143808K, 95% used [0x00000000e8000000,0x00000000f057fe28,0x00000000f0c70000)
 PSPermGen       total 120768K, used 70531K [0x00000000e0000000, 0x00000000e75f0000, 0x00000000e8000000)
  object space 120768K, 58% used [0x00000000e0000000,0x00000000e44e0de8,0x00000000e75f0000)
Event: 7589.314 GC heap after
Heap after GC invocations=336 (full 4):
 PSYoungGen      total 35776K, used 2599K [0x00000000fa000000, 0x00000000fca40000, 0x0000000100000000)
  eden space 29760K, 0% used [0x00000000fa000000,0x00000000fa000000,0x00000000fbd10000)
  from space 6016K, 43% used [0x00000000fc2e0000,0x00000000fc569fc8,0x00000000fc8c0000)
  to   space 5952K, 0% used [0x00000000fbd10000,0x00000000fbd10000,0x00000000fc2e0000)
 ParOldGen       total 143808K, used 136751K [0x00000000e8000000, 0x00000000f0c70000, 0x00000000fa000000)
  object space 143808K, 95% used [0x00000000e8000000,0x00000000f058be28,0x00000000f0c70000)
 PSPermGen       total 120768K, used 70531K [0x00000000e0000000, 0x00000000e75f0000, 0x00000000e8000000)
  object space 120768K, 58% used [0x00000000e0000000,0x00000000e44e0de8,0x00000000e75f0000)
}
Event: 7595.418 GC heap before
{Heap before GC invocations=337 (full 4):
 PSYoungGen      total 35776K, used 32359K [0x00000000fa000000, 0x00000000fca40000, 0x0000000100000000)
  eden space 29760K, 100% used [0x00000000fa000000,0x00000000fbd10000,0x00000000fbd10000)
  from space 6016K, 43% used [0x00000000fc2e0000,0x00000000fc569fc8,0x00000000fc8c0000)
  to   space 5952K, 0% used [0x00000000fbd10000,0x00000000fbd10000,0x00000000fc2e0000)
 ParOldGen       total 143808K, used 136754K [0x00000000e8000000, 0x00000000f0c70000, 0x00000000fa000000)
  object space 143808K, 95% used [0x00000000e8000000,0x00000000f058cbd0,0x00000000f0c70000)
 PSPermGen       total 120768K, used 70532K [0x00000000e0000000, 0x00000000e75f0000, 0x00000000e8000000)
  object space 120768K, 58% used [0x00000000e0000000,0x00000000e44e1108,0x00000000e75f0000)
Event: 7595.423 GC heap after
Heap after GC invocations=337 (full 4):
 PSYoungGen      total 35712K, used 2435K [0x00000000fa000000, 0x00000000fc9f0000, 0x0000000100000000)
  eden space 29760K, 0% used [0x00000000fa000000,0x00000000fa000000,0x00000000fbd10000)
  from space 5952K, 40% used [0x00000000fbd10000,0x00000000fbf70ca0,0x00000000fc2e0000)
  to   space 5888K, 0% used [0x00000000fc430000,0x00000000fc430000,0x00000000fc9f0000)
 ParOldGen       total 143808K, used 136786K [0x00000000e8000000, 0x00000000f0c70000, 0x00000000fa000000)
  object space 143808K, 95% used [0x00000000e8000000,0x00000000f0594bd0,0x00000000f0c70000)
 PSPermGen       total 120768K, used 70532K [0x00000000e0000000, 0x00000000e75f0000, 0x00000000e8000000)
  object space 120768K, 58% used [0x00000000e0000000,0x00000000e44e1108,0x00000000e75f0000)
}
Event: 7596.048 GC heap before
{Heap before GC invocations=338 (full 4):
 PSYoungGen      total 35712K, used 32195K [0x00000000fa000000, 0x00000000fc9f0000, 0x0000000100000000)
  eden space 29760K, 100% used [0x00000000fa000000,0x00000000fbd10000,0x00000000fbd10000)
  from space 5952K, 40% used [0x00000000fbd10000,0x00000000fbf70ca0,0x00000000fc2e0000)
  to   space 5888K, 0% used [0x00000000fc430000,0x00000000fc430000,0x00000000fc9f0000)
 ParOldGen       total 143808K, used 136786K [0x00000000e8000000, 0x00000000f0c70000, 0x00000000fa000000)
  object space 143808K, 95% used [0x00000000e8000000,0x00000000f0594bd0,0x00000000f0c70000)
 PSPermGen       total 120768K, used 70532K [0x00000000e0000000, 0x00000000e75f0000, 0x00000000e8000000)
  object space 120768K, 58% used [0x00000000e0000000,0x00000000e44e1230,0x00000000e75f0000)
Event: 7596.052 GC heap after
Heap after GC invocations=338 (full 4):
 PSYoungGen      total 36800K, used 2731K [0x00000000fa000000, 0x00000000fc9b0000, 0x0000000100000000)
  eden space 31168K, 0% used [0x00000000fa000000,0x00000000fa000000,0x00000000fbe70000)
  from space 5632K, 48% used [0x00000000fc430000,0x00000000fc6daf38,0x00000000fc9b0000)
  to   space 5760K, 0% used [0x00000000fbe70000,0x00000000fbe70000,0x00000000fc410000)
 ParOldGen       total 143808K, used 136818K [0x00000000e8000000, 0x00000000f0c70000, 0x00000000fa000000)
  object space 143808K, 95% used [0x00000000e8000000,0x00000000f059cbd0,0x00000000f0c70000)
 PSPermGen       total 120768K, used 70532K [0x00000000e0000000, 0x00000000e75f0000, 0x00000000e8000000)
  object space 120768K, 58% used [0x00000000e0000000,0x00000000e44e1230,0x00000000e75f0000)
}
Event: 9220.044 GC heap before
{Heap before GC invocations=339 (full 4):
 PSYoungGen      total 36800K, used 33899K [0x00000000fa000000, 0x00000000fc9b0000, 0x0000000100000000)
  eden space 31168K, 100% used [0x00000000fa000000,0x00000000fbe70000,0x00000000fbe70000)
  from space 5632K, 48% used [0x00000000fc430000,0x00000000fc6daf38,0x00000000fc9b0000)
  to   space 5760K, 0% used [0x00000000fbe70000,0x00000000fbe70000,0x00000000fc410000)
 ParOldGen       total 143808K, used 136818K [0x00000000e8000000, 0x00000000f0c70000, 0x00000000fa000000)
  object space 143808K, 95% used [0x00000000e8000000,0x00000000f059cbd0,0x00000000f0c70000)
 PSPermGen       total 120768K, used 70535K [0x00000000e0000000, 0x00000000e75f0000, 0x00000000e8000000)
  object space 120768K, 58% used [0x00000000e0000000,0x00000000e44e1d30,0x00000000e75f0000)
Event: 9220.049 GC heap after
Heap after GC invocations=339 (full 4):
 PSYoungGen      total 33408K, used 2701K [0x00000000fa000000, 0x00000000fc8f0000, 0x0000000100000000)
  eden space 30656K, 0% used [0x00000000fa000000,0x00000000fa000000,0x00000000fbdf0000)
  from space 2752K, 98% used [0x00000000fbe70000,0x00000000fc113570,0x00000000fc120000)
  to   space 5632K, 0% used [0x00000000fc370000,0x00000000fc370000,0x00000000fc8f0000)
 ParOldGen       total 143808K, used 136842K [0x00000000e8000000, 0x00000000f0c70000, 0x00000000fa000000)
  object space 143808K, 95% used [0x00000000e8000000,0x00000000f05a2bd0,0x00000000f0c70000)
 PSPermGen       total 120768K, used 70535K [0x00000000e0000000, 0x00000000e75f0000, 0x00000000e8000000)
  object space 120768K, 58% used [0x00000000e0000000,0x00000000e44e1d30,0x00000000e75f0000)
}

